
ASEM-51 V1.3                                         Copyright (c) 2002 by W.W. Heinz                                         PAGE 1





       MCS-51 Family Macro Assembler   A S E M - 5 1   V 1.3
       =====================================================



	Source File:	master1.asm
	Object File:	master1.hex
	List File:	master1.lst



 Line  I  Addr  Code            Source

    1:		N      0000			ORG	00H
    2:	  0000	01 30				AJMP	MAIN
    3:
    4:		N      0030			ORG	30H
    5:	  0030	75 89 20	MAIN:		MOV	TMOD,#20H
    6:	  0033	75 8D FD			MOV	TH1,#0FDH
    7:	  0036	75 8B FD			MOV	TL1,#0FDH
    8:	  0039	D2 8E				SETB	TR1
    9:	  003B	75 87 00			MOV	PCON,#0
   10:
   11:	  003E	75 98 D8			MOV	SCON,#0D8H
   12:
   13:
   14:	  0041	7D 00				MOV	R5,#00H
   15:
   16:	  0043	D2 AC				SETB	ES
   17:	  0045	D2 AF				SETB	EA
   18:
   19:	  0047	7E 00				MOV 	R6,#00H
   20:	  0049	7F 00				MOV 	R7,#00H
   21:
   22:	  004B			LOOP:
   23:						;MOV	P2,R5
   24:	  004B	74 FF				MOV	A,#0FFH
   25:	  004D	F5 B0				MOV	P3,A
   26:
   27:	  004F	30 B3 05			JNB	P3.3,PRESTX
   28:	  0052	30 B5 23			JNB	P3.5,PRESRX
   29:	  0055	01 4B				AJMP	LOOP
   30:
   31:	  0057	30 B3 FD	PRESTX:		JNB	P3.3,$
   32:	  005A	7A 07				MOV	R2,#07H			;从机1的地址送R2
   33:	  005C	D2 9B				SETB	TB8
   34:	  005E	EA				MOV	A,R2
   35:	  005F	F5 99				MOV	SBUF,A;发送地址
   36:	  0061	30 99 FD			JNB	TI,$
   37:	  0064	C2 99				CLR	TI
   38:	  0066	0E				INC	R6
   39:	  0067	BE 0A 02			CJNE	R6,#0AH,L2
   40:	  006A	7E 00				MOV	R6,#00H
   41:	  006C			L2:
   42:	  006C	C2 9B				CLR	TB8
   43:	  006E	EE				MOV	A,R6

ASEM-51 V1.3                                         Copyright (c) 2002 by W.W. Heinz                                         PAGE 2



 Line  I  Addr  Code            Source

   44:	  006F	F5 99				MOV	SBUF,A;发送数据
   45:	  0071	30 99 FD			JNB	TI,$
   46:	  0074	C2 99				CLR	TI
   47:	  0076	01 4B				AJMP	LOOP
   48:
   49:	  0078	30 B5 FD	PRESRX:		JNB	P3.5,$
   50:	  007B	7B 0F				MOV	R3,#0FH			;从机1的地址送R3
   51:	  007D	EB				MOV	A,R3
   52:	  007E	D2 9B				SETB	TB8
   53:	  0080	F5 99				MOV	SBUF,A
   54:	  0082	30 99 FD			JNB	TI,$
   55:	  0085	C2 99				CLR	TI
   56:	  0087	0F				INC	R7
   57:	  0088	BF 0A 02			CJNE 	R7,#0AH,L1
   58:	  008B	7F 00				MOV 	R7,#00H
   59:	  008D			L1:
   60:	  008D	EF				MOV 	A,R7
   61:	  008E	C2 9B				CLR	TB8
   62:	  0090	F5 99				MOV	SBUF,A
   63:	  0092	30 99 FD			JNB	TI,$
   64:	  0095	C2 99				CLR	TI
   65:	  0097	01 4B				AJMP	LOOP
   66:						END
   67:
   68:
   69:
   70:





                     register banks used:  ---

                     no errors




ASEM-51 V1.3                                         Copyright (c) 2002 by W.W. Heinz                                         PAGE 3





	       L I S T   O F   S Y M B O L S
	       =============================


SYMBOL				  TYPE     VALUE	LINE
------------------------------------------------------------
??ASEM_51			  NUMBER    8051
??VERSION			  NUMBER    0130
AC				  BIT	      D6
ACC				  DATA	      E0
B				  DATA	      F0
CY				  BIT	      D7
DPH				  DATA	      83
DPL				  DATA	      82
EA				  BIT	      AF
ES				  BIT	      AC
ET0				  BIT	      A9
ET1				  BIT	      AB
EX0				  BIT	      A8
EX1				  BIT	      AA
EXTI0				  CODE	    0003
EXTI1				  CODE	    0013
F0				  BIT	      D5
IE				  DATA	      A8
IE0				  BIT	      89
IE1				  BIT	      8B
INT0				  BIT	      B2
INT1				  BIT	      B3
IP				  DATA	      B8
IT0				  BIT	      88
IT1				  BIT	      8A
L1				  CODE	    008D	  59
L2				  CODE	    006C	  41
LOOP				  CODE	    004B	  22
MAIN				  CODE	    0030	   5
OV				  BIT	      D2
P				  BIT	      D0
P0				  DATA	      80
P1				  DATA	      90
P2				  DATA	      A0
P3				  DATA	      B0
PCON				  DATA	      87
PRESRX				  CODE	    0078	  49
PRESTX				  CODE	    0057	  31
PS				  BIT	      BC
PSW				  DATA	      D0
PT0				  BIT	      B9
PT1				  BIT	      BB
PX0				  BIT	      B8
PX1				  BIT	      BA
RB8				  BIT	      9A
RD				  BIT	      B7
REN				  BIT	      9C
RESET				  CODE	    0000
RI				  BIT	      98
RS0				  BIT	      D3

ASEM-51 V1.3                                         Copyright (c) 2002 by W.W. Heinz                                         PAGE 4



SYMBOL				  TYPE     VALUE	LINE
------------------------------------------------------------
RS1				  BIT	      D4
RXD				  BIT	      B0
SBUF				  DATA	      99
SCON				  DATA	      98
SINT				  CODE	    0023
SM0				  BIT	      9F
SM1				  BIT	      9E
SM2				  BIT	      9D
SP				  DATA	      81
T0				  BIT	      B4
T1				  BIT	      B5
TB8				  BIT	      9B
TCON				  DATA	      88
TF0				  BIT	      8D
TF1				  BIT	      8F
TH0				  DATA	      8C
TH1				  DATA	      8D
TI				  BIT	      99
TIMER0				  CODE	    000B
TIMER1				  CODE	    001B
TL0				  DATA	      8A
TL1				  DATA	      8B
TMOD				  DATA	      89
TR0				  BIT	      8C
TR1				  BIT	      8E
TXD				  BIT	      B1
WR				  BIT	      B6
