
ASEM-51 V1.3                                         Copyright (c) 2002 by W.W. Heinz                                         PAGE 1





       MCS-51 Family Macro Assembler   A S E M - 5 1   V 1.3
       =====================================================



	Source File:	master.asm
	Object File:	master.hex
	List File:	master.lst



 Line  I  Addr  Code            Source

    1:		N      0000			ORG	00H
    2:	  0000	01 30				AJMP	MAIN
    3:		N      0030			ORG	30H
    4:	  0030	75 89 20	MAIN:		MOV	TMOD,#20H
    5:	  0033	75 8D FD			MOV	TH1,#0FDH
    6:	  0036	75 8B FD			MOV	TL1,#0FDH
    7:
    8:	  0039	75 98 D8			MOV	SCON,#0D8H
    9:	  003C	75 87 00			MOV	PCON,#0
   10:	  003F	D2 8E				SETB	TR1
   11:	  0041	7D 00				MOV	R5,#00H
   12:
   13:	  0043	7E 00				MOV 	R6,#00H
   14:	  0045	7F 00				MOV 	R7,#00H
   15:
   16:	  0047			LOOP:
   17:						;MOV	P2,R5
   18:	  0047	74 FF				MOV	A,#0FFH
   19:	  0049	F5 B0				MOV	P3,A
   20:
   21:	  004B	30 B3 05			JNB	P3.3,PRESTX
   22:	  004E	30 B5 0C			JNB	P3.5,PRESRX
   23:	  0051	01 47				AJMP	LOOP
   24:
   25:	  0053	30 B3 FD	PRESTX:		JNB	P3.3,$
   26:	  0056	7A 07				MOV	R2,#07H			;从机1的地址送R2
   27:	  0058	12 00 67			CALL	MSIO1
   28:	  005B	01 47				AJMP	LOOP
   29:
   30:	  005D	30 B5 FD	PRESRX:		JNB	P3.5,$
   31:	  0060	7B 0F				MOV	R3,#0FH			;从机1的地址送R3
   32:	  0062	12 00 8D			CALL	MSIO2
   33:	  0065	01 47				AJMP	LOOP
   34:
   35:	  0067	EA		MSIO1:		MOV	A,R2
   36:	  0068	D2 9B				SETB	TB8
   37:	  006A	F5 99				MOV	SBUF,A
   38:
   39:	  006C	30 99 FD			JNB	TI,$
   40:	  006F	C2 99				CLR	TI
   41:	  0071	30 98 FD			JNB	RI,$
   42:	  0074	C2 98				CLR	RI
   43:	  0076	E5 99				MOV	A,SBUF

ASEM-51 V1.3                                         Copyright (c) 2002 by W.W. Heinz                                         PAGE 2



 Line  I  Addr  Code            Source

   44:	  0078	6A				XRL	A,R2
   45:	  0079	60 01				JZ	MSIO3
   46:	  007B	22				RET
   47:	  007C	C2 9B		MSIO3:		CLR	TB8
   48:	  007E	0F				INC 	R7
   49:	  007F	BF 0A 02			CJNE 	R7,#0AH,L1
   50:	  0082	7F 00				MOV	R7,#00H
   51:	  0084	EF		L1:		MOV	A,R7
   52:	  0085	F5 99				MOV	SBUF,A
   53:	  0087	30 99 FD			JNB	TI,$
   54:	  008A	C2 99				CLR	TI
   55:	  008C	22				RET
   56:
   57:	  008D	EB		MSIO2:		MOV	A,R3
   58:	  008E	D2 9B				SETB	TB8
   59:	  0090	F5 99				MOV	SBUF,A
   60:	  0092	30 99 FD			JNB	TI,$
   61:	  0095	C2 99				CLR	TI
   62:	  0097	30 98 FD			JNB	RI,$
   63:	  009A	C2 98				CLR	RI
   64:	  009C	E5 99				MOV	A,SBUF
   65:	  009E	6B				XRL	A,R3
   66:	  009F	60 01				JZ	MSIO7
   67:	  00A1	22				RET
   68:	  00A2	C2 9B		MSIO7:		CLR	TB8
   69:	  00A4	0E				INC 	R6
   70:	  00A5	BE 0A 02			CJNE 	R6,#0AH,L2
   71:	  00A8	7E 00				MOV	R6,#00H
   72:	  00AA			L2:
   73:	  00AA	EE				MOV	A,R6
   74:	  00AB	F5 99				MOV	SBUF,A
   75:	  00AD	30 99 FD			JNB	TI,$
   76:	  00B0	C2 99				CLR	TI
   77:	  00B2	22				RET
   78:						END
   79:
   80:





                     register banks used:  ---

                     no errors




ASEM-51 V1.3                                         Copyright (c) 2002 by W.W. Heinz                                         PAGE 3





	       L I S T   O F   S Y M B O L S
	       =============================


SYMBOL				  TYPE     VALUE	LINE
------------------------------------------------------------
??ASEM_51			  NUMBER    8051
??VERSION			  NUMBER    0130
AC				  BIT	      D6
ACC				  DATA	      E0
B				  DATA	      F0
CY				  BIT	      D7
DPH				  DATA	      83
DPL				  DATA	      82
EA				  BIT	      AF
ES				  BIT	      AC
ET0				  BIT	      A9
ET1				  BIT	      AB
EX0				  BIT	      A8
EX1				  BIT	      AA
EXTI0				  CODE	    0003
EXTI1				  CODE	    0013
F0				  BIT	      D5
IE				  DATA	      A8
IE0				  BIT	      89
IE1				  BIT	      8B
INT0				  BIT	      B2
INT1				  BIT	      B3
IP				  DATA	      B8
IT0				  BIT	      88
IT1				  BIT	      8A
L1				  CODE	    0084	  51
L2				  CODE	    00AA	  72
LOOP				  CODE	    0047	  16
MAIN				  CODE	    0030	   4
MSIO1				  CODE	    0067	  35
MSIO2				  CODE	    008D	  57
MSIO3				  CODE	    007C	  47
MSIO7				  CODE	    00A2	  68
OV				  BIT	      D2
P				  BIT	      D0
P0				  DATA	      80
P1				  DATA	      90
P2				  DATA	      A0
P3				  DATA	      B0
PCON				  DATA	      87
PRESRX				  CODE	    005D	  30
PRESTX				  CODE	    0053	  25
PS				  BIT	      BC
PSW				  DATA	      D0
PT0				  BIT	      B9
PT1				  BIT	      BB
PX0				  BIT	      B8
PX1				  BIT	      BA
RB8				  BIT	      9A
RD				  BIT	      B7

ASEM-51 V1.3                                         Copyright (c) 2002 by W.W. Heinz                                         PAGE 4



SYMBOL				  TYPE     VALUE	LINE
------------------------------------------------------------
REN				  BIT	      9C
RESET				  CODE	    0000
RI				  BIT	      98
RS0				  BIT	      D3
RS1				  BIT	      D4
RXD				  BIT	      B0
SBUF				  DATA	      99
SCON				  DATA	      98
SINT				  CODE	    0023
SM0				  BIT	      9F
SM1				  BIT	      9E
SM2				  BIT	      9D
SP				  DATA	      81
T0				  BIT	      B4
T1				  BIT	      B5
TB8				  BIT	      9B
TCON				  DATA	      88
TF0				  BIT	      8D
TF1				  BIT	      8F
TH0				  DATA	      8C
TH1				  DATA	      8D
TI				  BIT	      99
TIMER0				  CODE	    000B
TIMER1				  CODE	    001B
TL0				  DATA	      8A
TL1				  DATA	      8B
TMOD				  DATA	      89
TR0				  BIT	      8C
TR1				  BIT	      8E
TXD				  BIT	      B1
WR				  BIT	      B6
